<?xml version="1.0" encoding="UTF-8"?>
<!-- Generated by org.testng.reporters.JUnitReportReporter -->
<testsuite hostname="LT00057" failures="0" tests="1" name="EBay_Home_Sanity"
           time="9.719" errors="0" timestamp="2021-07-28T09:14:25 EEST"
           skipped="0">
    <testcase classname="EBay_Home_Sanity" name="empty_search_test"
              time="9.719"/>
    <system-out/>
</testsuite> <!-- EBay_Home_Sanity -->
